Started by user [8mha:////4KaMPlV5yHxbDXdrPbDTfewriqxoPvHXkCxNN0wEeI63AAAAlx+LCAAAAAAAAP9b85aBtbiIQTGjNKU4P08vOT+vOD8nVc83PyU1x6OyILUoJzMv2y+/JJUBAhiZGBgqihhk0NSjKDWzXb3RdlLBUSYGJk8GtpzUvPSSDB8G5tKinBIGIZ+sxLJE/ZzEvHT94JKizLx0a6BxUmjGOUNodHsLgAzWEgZu/dLi1CL94syUlFIAnjHM9cAAAAA=[0msiddu
[8mha:////4EhsDQ+sHQdB3Vsi1sYZ1jB1e+7smi00nRpbLRwtOmDQAAAAoh+LCAAAAAAAAP9tjTEOwjAQBM8BClpKHuFItIiK1krDC0x8GCfWnbEdkooX8TX+gCESFVvtrLSa5wtWKcKBo5UdUu8otU4GP9jS5Mixv3geZcdn2TIl9igbHBs2eJyx4YwwR1SwULBGaj0nRzbDRnX6rmuvydanHMu2V1A5c4MHCFXMWcf8hSnC9jqYxPTz/BXAFEIGsfuclm8zQVqFvQAAAA==[0m[Pipeline] Start of Pipeline
[8mha:////4HNZ1vitAIBwSmsrE4h4lmD7ggy/WQ9TgM8PzG2VR/nJAAAApR+LCAAAAAAAAP9tjTEOwjAUQ3+KOrAycohUghExsUZZOEFIQkgb/d8mKe3EibgadyBQiQlLlmxL1nu+oE4RjhQdby12HpP2vA+jK4lPFLtroIm3dOGaMFGwXNpJkrGnpUrKFhaxClYC1hZ1oOTRZdiIVt1VExS65pxj2Q4CKm8GeAAThZxVzN8yR9jeRpMIf5y/AJj7DGxXvP/86jduZBmjwAAAAA==[0m[Pipeline] node
Running on [8mha:////4An5xapRb6Lio/jv7n6K1qIuNWv5blse+eGjwaMvsXorAAAAoR+LCAAAAAAAAP9b85aBtbiIQTGjNKU4P08vOT+vOD8nVc83PyU1x6OyILUoJzMv2y+/JJUBAhiZGBgqihhk0NSjKDWzXb3RdlLBUSYGJk8GtpzUvPSSDB8G5tKinBIGIZ+sxLJE/ZzEvHT94JKizLx0a6BxUmjGOUNodHsLgAz2EgZR/eT83ILSktQifY2k0sycEt3MPE19AHHxbH3KAAAA[0mJenkins in /var/lib/jenkins/workspace/declarative-pipeline
[8mha:////4MvMkNObwjIfS/sh17/r5u0v1uZ6RL0TGAy8foGSWMmmAAAApR+LCAAAAAAAAP9tjTEOwjAUQ3+KOrAycoh0gA0xsUZZOEFIQkgb/d8mKe3EibgadyBQiQlLlmxL1nu+oE4RjhQdby12HpP2vA+jK4lPFLtroIm3dOGaMFGwXNpJkrGnpUrKFhaxClYC1hZ1oOTRZdiIVt1VExS65pxj2Q4CKm8GeAAThZxVzN8yR9jeRpMIf5y/AJj7DGxXvP/86jfoP95RwAAAAA==[0m[Pipeline] {
[8mha:////4MjFu58Lf/wbWKJyflTtyg5A5m7xmnvVKm7FWj51O+kfAAAApR+LCAAAAAAAAP9tjTEOwjAUQ3+KOrAycoh0gQkxsUZZOEFIQkgb/d8mKe3EibgadyBQiQlLlmxL1nu+oE4RjhQdby12HpP2vA+jK4lPFLtroIm3dOGaMFGwXNpJkrGnpUrKFhaxClYC1hZ1oOTRZdiIVt1VExS65pxj2Q4CKm8GeAAThZxVzN8yR9jeRpMIf5y/AJj7DGxXvP/86jc09154wAAAAA==[0m[Pipeline] stage
[8mha:////4Ca1G5UgFVaeSPNnn+bbRAmw69oZOsmkBZCTcbFxAy56AAAApR+LCAAAAAAAAP9tjTEOwjAUQ3+KOrAycoh0ggUxsUZZOEFIQkgb/d8mKe3EibgadyBQiQlLlmxL1nu+oE4RjhQdby12HpP2vA+jK4lPFLtroIm3dOGaMFGwXNpJkrGnpUrKFhaxClYC1hZ1oOTRZdiIVt1VExS65pxj2Q4CKm8GeAAThZxVzN8yR9jeRpMIf5y/AJj7DGxXvP/86jek7ggRwAAAAA==[0m[Pipeline] { (checkout the code from github)
[8mha:////4IJ1OU5BG89kiNne7uYPtm7sn91mqW6vt047AM7+hCqHAAAAoh+LCAAAAAAAAP9tjTEOAiEURD9rLGwtPQTbaWGsbAmNJ0AWEZb8zwLrbuWJvJp3kLiJlZNMMm+a93rDOic4UbLcG+wdZu14DKOti0+U+lugiXu6ck2YKRguzSSpM+cFJRUDS1gDKwEbgzpQdmgLbIVXD9UGhba9lFS/o4DGdQM8gYlqLiqVL8wJdvexy4Q/z18BzLEA29ce4gfg7KmOvAAAAA==[0m[Pipeline] git
The recommended git tool is: NONE
No credentials specified
 > git rev-parse --resolve-git-dir /var/lib/jenkins/workspace/declarative-pipeline/.git # timeout=10
Fetching changes from the remote Git repository
 > git config remote.origin.url https://github.com/shankargouda1/DevOpsClassCodes # timeout=10
Fetching upstream changes from https://github.com/shankargouda1/DevOpsClassCodes
 > git --version # timeout=10
 > git --version # 'git version 2.34.1'
 > git fetch --tags --force --progress -- https://github.com/shankargouda1/DevOpsClassCodes +refs/heads/*:refs/remotes/origin/* # timeout=10
 > git rev-parse refs/remotes/origin/master^{commit} # timeout=10
Checking out Revision 287058a5837d8b9a85480e900f9340f6a5e904c4 (refs/remotes/origin/master)
 > git config core.sparsecheckout # timeout=10
 > git checkout -f 287058a5837d8b9a85480e900f9340f6a5e904c4 # timeout=10
 > git branch -a -v --no-abbrev # timeout=10
 > git branch -D master # timeout=10
 > git checkout -b master 287058a5837d8b9a85480e900f9340f6a5e904c4 # timeout=10
Commit message: "Create test"
 > git rev-list --no-walk 287058a5837d8b9a85480e900f9340f6a5e904c4 # timeout=10
[8mha:////4O9vdtd8FfamxwzdPVq5NAnXbdRNIYpOESU0ihlz2nr3AAAAoh+LCAAAAAAAAP9tjTEOAiEURD9rLGwtPQTbGRNjZUtoPAGyiLDkfxZYdytP5NW8g8RNrJxkknnTvNcb1jnBiZLl3mDvMGvHYxhtXXyi1N8CTdzTlWvCTMFwaSZJnTkvKKkYWMIaWAnYGNSBskNbYCu8eqg2KLTtpaT6HQU0rhvgCUxUc1GpfGFOsLuPXSb8ef4KYI6xADvU7j9Dg2gqvAAAAA==[0m[Pipeline] }
[8mha:////4Fb6Sk+icC0rg/Wm2SgQ18yURLCY1C3e7vDh2ehvHUtBAAAAoh+LCAAAAAAAAP9tjTEOAiEURD9rLGwtPQRbWRhjZUtoPAGyiLDkfxZYdytP5NW8g8RNrJxkknnTvNcb1jnBiZLl3mDvMGvHYxhtXXyi1N8CTdzTlWvCTMFwaSZJnTkvKKkYWMIaWAnYGNSBskNbYCu8eqg2KLTtpaT6HQU0rhvgCUxUc1GpfGFOsLuPXSb8ef4KYI6xADvU7j9J+wGOvAAAAA==[0m[Pipeline] // stage
[8mha:////4FxTX897xMdX2nXG/4DohI75JzCvPE+YPuLVD1Et2Ke1AAAAph+LCAAAAAAAAP9tjTEOwjAQBM9BKWgpeYQDEh2iorXc8AITG+PEugv2haTiRXyNPxCIRMVWOyut5vmCMic4UPKycdgGzHWQXez91ORAqb1EGmRDZ1kTZopOajdosu44oyZ2MEcUsFCwdFhHygE9w0o15m6qaNBXJ07TtldQBHuDBwg1mdkk/sKYYH3tbSb8ef4KYOwYxI6h2G4+x/INtuQqUcEAAAA=[0m[Pipeline] stage
[8mha:////4CbDTOR1dmS6CMctyyFKI0NXyGkKmBjV2R0VrM/wFl36AAAApR+LCAAAAAAAAP9tjTEOwjAUQ3+DOrAycoiUzoiJNerCCUITQtLo/zZJSSdOxNW4Ay2VmPBg2Zas93pDGQOcKBjuNHYWY2t570czJ54pdDdPmTu68pYwkte80bkhpc9rbShpWFUw2AjYamw9RYsmwU44+ZCVl2iqSwrzdhTArBrgCYWYyUmG9C1TgP19VJHwx/kLgKlPwOrDYvXyLD8BobDcwgAAAA==[0m[Pipeline] { (code compile)
[8mha:////4FQhqbwLcfAZxbOi+QpEjpoxlTgBf0Lq05z6qQTAZAAkAAAAox+LCAAAAAAAAP9tjTESwiAURH/iWNhaeggysXWsbBkaT4AJIoT5nwCRVJ7Iq3kH0cxYucXOvm3e8wXrGOBIQTOrcDAYO8O8m3RZLFMYro4ys3RhHWEkp5hQWVCvTgsKSgqWVDWsOGwUdo6iQZ1gy628y8ZJ1M05hfIdONSmH+EBFS/mJEP6whxgd5v6SPjz/BXA7BPUbfupvX8DpQJrNb4AAAA=[0m[Pipeline] sh
+ mvn compile
[[1;34mINFO[m] Scanning for projects...
[[1;33mWARNING[m] 
[[1;33mWARNING[m] Some problems were encountered while building the effective model for com.edurekademo.tutorial:addressbook:war:2.0
[[1;33mWARNING[m] Reporting configuration should be done in <reporting> section, not in maven-site-plugin <configuration> as reportPlugins parameter. @ line 298, column 40
[[1;33mWARNING[m] 
[[1;33mWARNING[m] It is highly recommended to fix these problems because they threaten the stability of your build.
[[1;33mWARNING[m] 
[[1;33mWARNING[m] For this reason, future Maven versions might no longer support building such malformed projects.
[[1;33mWARNING[m] 
[[1;34mINFO[m] 
[[1;34mINFO[m] [1m----------------< [0;36mcom.edurekademo.tutorial:addressbook[0;1m >----------------[m
[[1;34mINFO[m] [1mBuilding Vaadin Addressbook example 2.0[m
[[1;34mINFO[m] [1m--------------------------------[ war ]---------------------------------[m
[[1;34mINFO[m] 
[[1;34mINFO[m] [1m--- [0;32mmaven-enforcer-plugin:1.0:enforce[m [1m(enforce-versions)[m @ [36maddressbook[0;1m ---[m
[[1;34mINFO[m] 
[[1;34mINFO[m] [1m--- [0;32mmaven-resources-plugin:2.6:resources[m [1m(default-resources)[m @ [36maddressbook[0;1m ---[m
[[1;34mINFO[m] Using 'UTF-8' encoding to copy filtered resources.
[[1;34mINFO[m] skip non existing resourceDirectory /var/lib/jenkins/workspace/declarative-pipeline/src/main/resources
[[1;34mINFO[m] 
[[1;34mINFO[m] [1m--- [0;32mmaven-compiler-plugin:3.2:compile[m [1m(default-compile)[m @ [36maddressbook[0;1m ---[m
[[1;34mINFO[m] Changes detected - recompiling the module!
[[1;34mINFO[m] Compiling 13 source files to /var/lib/jenkins/workspace/declarative-pipeline/target/classes
[[1;34mINFO[m] /var/lib/jenkins/workspace/declarative-pipeline/src/main/java/com/edurekademo/tutorial/addressbook/ContactForm.java: Some input files use or override a deprecated API.
[[1;34mINFO[m] /var/lib/jenkins/workspace/declarative-pipeline/src/main/java/com/edurekademo/tutorial/addressbook/ContactForm.java: Recompile with -Xlint:deprecation for details.
[[1;34mINFO[m] /var/lib/jenkins/workspace/declarative-pipeline/src/main/java/com/edurekademo/tutorial/addressbook/backend/ContactService.java: /var/lib/jenkins/workspace/declarative-pipeline/src/main/java/com/edurekademo/tutorial/addressbook/backend/ContactService.java uses unchecked or unsafe operations.
[[1;34mINFO[m] /var/lib/jenkins/workspace/declarative-pipeline/src/main/java/com/edurekademo/tutorial/addressbook/backend/ContactService.java: Recompile with -Xlint:unchecked for details.
[[1;34mINFO[m] [1m------------------------------------------------------------------------[m
[[1;34mINFO[m] [1;32mBUILD SUCCESS[m
[[1;34mINFO[m] [1m------------------------------------------------------------------------[m
[[1;34mINFO[m] Total time:  3.458 s
[[1;34mINFO[m] Finished at: 2024-03-28T16:54:45Z
[[1;34mINFO[m] [1m------------------------------------------------------------------------[m
[8mha:////4NSRbBVKV3ZJjRfOcRcymrBMIBFDtwl1IibznFzAOwcBAAAAox+LCAAAAAAAAP9tjTESwiAURH/iWNhaeggyGUvHypah8QSYIEKY/wkQSeWJvJp3EM2MlVvs7NvmPV+wjgGOFDSzCgeDsTPMu0mXxTKF4eooM0sX1hFGcooJlQX16rSgoKRgSVXDisNGYecoGtQJttzKu2ycRN2cUyjfgUNt+hEeUPFiTjKkL8wBdrepj4Q/z18BzD5B3baf2vs35DNwLL4AAAA=[0m[Pipeline] echo
compiling is done
[8mha:////4KqGOlk0mQpZQOgtSEtsh27/bBhHs0uSeKijbR6eCS8qAAAApB+LCAAAAAAAAP9tjbEOwiAURV9rHFwd/QiaJm7GyZWw+AXYIkLJexSodPKL/DX/QbSJk3e4uecu5/mCdQxwpKCZVTgYjJ1h3k26LJYpDFdHmVm6sI4wklNMqCyoV6cFBSUFS6oaVhw2CjtH0aBOsOVW3mXjJOrmnEL5Dhxq04/wgIoXc5IhfWEOsLtNfST8ef4KYPY+Qd3uP9W+ATnVfPq+AAAA[0m[Pipeline] }
[8mha:////4OCov4A9C+enntIEs9Lb5JSzQz1+8H0ACRoMh71mZzRUAAAApB+LCAAAAAAAAP9tjTEOwjAQBC9BFLSUPOICBRWiSmu54QUmNsaJdWdsh6TiRXyNPxCIRMUWq51t5vmCZYpw5GixNdQ5So3D4Hs7LRw4dhfPA7Z8xoYpsTcozSBZm3pGydnAnKKEhYCVocZzcmQzrEWr7qryimx1ynH6DgJKp2/wgEJM5qxi/sIYYXPtdWL6ef4KYAwhQ7nbf2r7Bgo2J0a+AAAA[0m[Pipeline] // stage
[8mha:////4IdxCh+qPYt4LnnimAe9P3N2Yg+gpOtk929+JD0snoJsAAAApx+LCAAAAAAAAP9tjTEOwjAQBM9BKWgpeYQjJESDqGgtN7zAxMY4se6CfSGpeBFf4w8EIlGx1c5Kq3m+oMwJDpS8bBy2AXMdZBd7PzU5UGovkQbZ0FnWhJmik9oNmqw7zqiJHcwRBSwULB3WkXJAz7BSjbmbKhr01YnTtO0VFMHe4AFCTWY2ib8wJlhfe5sJf56/Ahg7BrFlKDa7z7F8A6sHc4fBAAAA[0m[Pipeline] stage
[8mha:////4CXWg3brLFDvUHpx2QaCpNrxSyLsVyBbSZWKIQvACHacAAAApx+LCAAAAAAAAP9tjTEOwjAUQ3+LOrAycohULDAgpq5RFk4QmhDSRv+Xn5R24kRcjTvQUokJD5ZtyXqvNxSR4UTsRGOx9RhrL7rQuymJgbi9BhpEQxdRE0YKVig7KDK2WqqiZGFRlsNKwtpiHSh6dAk2stEPXQaNrjwnnrajhNybOzwhkxM5aU7fMjJsb72JhD/OXwCMXYJ8t5/tMD+LD1+IXOLCAAAA[0m[Pipeline] { (code testing)
[8mha:////4DYOt5NlNWJ9CObpjkhddn2gyHlMjyJi6GwSz6vtAmWGAAAApB+LCAAAAAAAAP9tjTEOwjAQBC9BFLSUPOIiKpAQVVrLDS8wsTFOrDtjOyQVL+Jr/IFAJCq2WO1sM88XLFOEI0eLraHOUWocBt/baeHAsbt4HrDlMzZMib1BaQbJ2tQzSs4G5hQlLASsDDWekyObYS1adVeVV2SrU47TdxBQOn2DBxRiMmcV8xfGCJtrrxPTz/NXAGPIUG53n9qHNxXfVKy+AAAA[0m[Pipeline] sh
+ mvn test
[[1;34mINFO[m] Scanning for projects...
[[1;33mWARNING[m] 
[[1;33mWARNING[m] Some problems were encountered while building the effective model for com.edurekademo.tutorial:addressbook:war:2.0
[[1;33mWARNING[m] Reporting configuration should be done in <reporting> section, not in maven-site-plugin <configuration> as reportPlugins parameter. @ line 298, column 40
[[1;33mWARNING[m] 
[[1;33mWARNING[m] It is highly recommended to fix these problems because they threaten the stability of your build.
[[1;33mWARNING[m] 
[[1;33mWARNING[m] For this reason, future Maven versions might no longer support building such malformed projects.
[[1;33mWARNING[m] 
[[1;34mINFO[m] 
[[1;34mINFO[m] [1m----------------< [0;36mcom.edurekademo.tutorial:addressbook[0;1m >----------------[m
[[1;34mINFO[m] [1mBuilding Vaadin Addressbook example 2.0[m
[[1;34mINFO[m] [1m--------------------------------[ war ]---------------------------------[m
[[1;34mINFO[m] 
[[1;34mINFO[m] [1m--- [0;32mmaven-enforcer-plugin:1.0:enforce[m [1m(enforce-versions)[m @ [36maddressbook[0;1m ---[m
[[1;34mINFO[m] 
[[1;34mINFO[m] [1m--- [0;32mmaven-resources-plugin:2.6:resources[m [1m(default-resources)[m @ [36maddressbook[0;1m ---[m
[[1;34mINFO[m] Using 'UTF-8' encoding to copy filtered resources.
[[1;34mINFO[m] skip non existing resourceDirectory /var/lib/jenkins/workspace/declarative-pipeline/src/main/resources
[[1;34mINFO[m] 
[[1;34mINFO[m] [1m--- [0;32mmaven-compiler-plugin:3.2:compile[m [1m(default-compile)[m @ [36maddressbook[0;1m ---[m
[[1;34mINFO[m] Nothing to compile - all classes are up to date
[[1;34mINFO[m] 
[[1;34mINFO[m] [1m--- [0;32mmaven-resources-plugin:2.6:testResources[m [1m(default-testResources)[m @ [36maddressbook[0;1m ---[m
[[1;34mINFO[m] Using 'UTF-8' encoding to copy filtered resources.
[[1;34mINFO[m] Copying 1 resource
[[1;34mINFO[m] 
[[1;34mINFO[m] [1m--- [0;32mmaven-compiler-plugin:3.2:testCompile[m [1m(default-testCompile)[m @ [36maddressbook[0;1m ---[m
[[1;34mINFO[m] Changes detected - recompiling the module!
[[1;34mINFO[m] Compiling 5 source files to /var/lib/jenkins/workspace/declarative-pipeline/target/test-classes
[[1;34mINFO[m] /var/lib/jenkins/workspace/declarative-pipeline/src/test/java/com/edurekademo/utilities/TestGenericComparator.java: /var/lib/jenkins/workspace/declarative-pipeline/src/test/java/com/edurekademo/utilities/TestGenericComparator.java uses or overrides a deprecated API.
[[1;34mINFO[m] /var/lib/jenkins/workspace/declarative-pipeline/src/test/java/com/edurekademo/utilities/TestGenericComparator.java: Recompile with -Xlint:deprecation for details.
[[1;34mINFO[m] 
[[1;34mINFO[m] [1m--- [0;32mmaven-surefire-plugin:2.19.1:test[m [1m(default-test)[m @ [36maddressbook[0;1m ---[m

-------------------------------------------------------
 T E S T S
-------------------------------------------------------
Running com.edurekademo.utilities.TestHexAsciiConversion
testing ascii convertion into hexadecimal
74657374696e6720617363696920636f6e76657274696f6e20696e746f2068657861646563696d616c
Tests run: 4, Failures: 0, Errors: 0, Skipped: 0, Time elapsed: 0.03 sec - in com.edurekademo.utilities.TestHexAsciiConversion
Running com.edurekademo.utilities.TestLogger
SLF4J: Class path contains multiple SLF4J bindings.
SLF4J: Found binding in [jar:file:/var/lib/jenkins/.m2/repository/org/slf4j/slf4j-simple/1.7.7/slf4j-simple-1.7.7.jar!/org/slf4j/impl/StaticLoggerBinder.class]
SLF4J: Found binding in [jar:file:/var/lib/jenkins/.m2/repository/org/slf4j/slf4j-log4j12/1.7.7/slf4j-log4j12-1.7.7.jar!/org/slf4j/impl/StaticLoggerBinder.class]
SLF4J: See http://www.slf4j.org/codes.html#multiple_bindings for an explanation.
SLF4J: Actual binding is of type [org.slf4j.impl.SimpleLoggerFactory]
[pool-1-thread-6] INFO com.edurekademo.utilities.TestLogger - java.lang.ArithmeticException: / by zero
Cause:at com.edurekademo.utilities.TestLogger.testGetErrorMessage2(TestLogger.java:30)
Cause:at java.base/jdk.internal.reflect.NativeMethodAccessorImpl.invoke0(Native Method)
[pool-1-thread-5] INFO com.edurekademo.utilities.TestLogger - java.lang.ArithmeticException: / by zero
Cause:at com.edurekademo.utilities.TestLogger.testGetErrorMessage1(TestLogger.java:14)
Cause:at java.base/jdk.internal.reflect.NativeMethodAccessorImpl.invoke0(Native Method)
[pool-1-thread-7] INFO com.edurekademo.utilities.TestLogger - java.lang.ArithmeticException: / by zero
Cause:at com.edurekademo.utilities.ExceptionThrower.getCounter(ExceptionThrower.java:13)
Cause:at com.edurekademo.utilities.TestLogger.testGetErrorMessage3(TestLogger.java:45)
[pool-1-thread-8] INFO com.edurekademo.utilities.TestLogger - java.io.IOException: TESTIOEXCEPTION
Cause:at com.edurekademo.utilities.ExceptionThrower.doNothing(ExceptionThrower.java:18)
Cause:at com.edurekademo.utilities.TestLogger.testGetErrorMessage4(TestLogger.java:60)
[pool-1-thread-9] ERROR com.edurekademo.utilities.ExceptionThrower - java.lang.Exception: DEAR
Cause:at com.edurekademo.utilities.ExceptionThrower.doYYY(ExceptionThrower.java:35)
Cause:at com.edurekademo.utilities.ExceptionThrower.doXXX(ExceptionThrower.java:23)
[pool-1-thread-9] INFO com.edurekademo.utilities.TestLogger - java.lang.Exception: TEST MESSAGE
Cause:at com.edurekademo.utilities.ExceptionThrower.doCheck(ExceptionThrower.java:43)
Cause:at com.edurekademo.utilities.TestLogger.testGetErrorMessage5(TestLogger.java:75)
***** java.lang.Exception: TEST MESSAGE
Cause:at com.edurekademo.utilities.ExceptionThrower.doCheck(ExceptionThrower.java:43)
Cause:at com.edurekademo.utilities.TestLogger.testGetErrorMessage5(TestLogger.java:75)
Tests run: 5, Failures: 0, Errors: 0, Skipped: 0, Time elapsed: 0.088 sec - in com.edurekademo.utilities.TestLogger
Running com.edurekademo.utilities.TestGenericComparator
Tests run: 14, Failures: 0, Errors: 0, Skipped: 0, Time elapsed: 0.046 sec - in com.edurekademo.utilities.TestGenericComparator

Results :

Tests run: 23, Failures: 0, Errors: 0, Skipped: 0

[[1;34mINFO[m] [1m------------------------------------------------------------------------[m
[[1;34mINFO[m] [1;32mBUILD SUCCESS[m
[[1;34mINFO[m] [1m------------------------------------------------------------------------[m
[[1;34mINFO[m] Total time:  4.624 s
[[1;34mINFO[m] Finished at: 2024-03-28T16:54:51Z
[[1;34mINFO[m] [1m------------------------------------------------------------------------[m
[8mha:////4IxnjOGcvw8ySZngOF07k+ZrHAqyy/3f/7p/ZgdpOLyEAAAApB+LCAAAAAAAAP9tjTEOwjAQBC9BFLSUPOIiKoQQVVrLDS8wsTFOrDtjOyQVL+Jr/IFAJCq2WO1sM88XLFOEI0eLraHOUWocBt/baeHAsbt4HrDlMzZMib1BaQbJ2tQzSs4G5hQlLASsDDWekyObYS1adVeVV2SrU47TdxBQOn2DBxRiMmcV8xfGCJtrrxPTz/NXAGMIGcrt/lO7N9Jjga++AAAA[0m[Pipeline] }
[8mha:////4J2rmIqZfgZeXb5BA4NoqrY/PRzCvhVyJ5fjWsxYkH8HAAAApR+LCAAAAAAAAP9tjTEOwjAQBC9BFLSUPOICFDQoFa3lhheYxBgn1l2wHZyKF/E1/oBFJCq2WO1sM683LIOHmr3BTlNvKTQWBzeavDCx76+OE3Z8wYYpsNModZLc6tOMkqOGOUUJCwErTY3jYMlEWItOPVTlFJnqHH3+jgJK297hCYXI5qh8/MLkYXMb28D08/wVwDQMEcr9Ntfu8AERGGHOvgAAAA==[0m[Pipeline] // stage
[8mha:////4AC9BWIOroMpKijQcXPK6TL7V2Env3AgrSnsRf+4QXNmAAAAph+LCAAAAAAAAP9tjTEOwjAQBM9BKWgpeYQjEB2iorXc8AITG+PEugv2haTiRXyNPxCIRMVWOyut5vmCMic4UPKycdgGzHWQXez91ORAqb1EGmRDZ1kTZopOajdosu44oyZ2MEcUsFCwdFhHygE9w0o15m6qaNBXJ07TtldQBHuDBwg1mdkk/sKYYH3tbSb8ef4KYOwYxI6h2G4+x/INji2eq8EAAAA=[0m[Pipeline] stage
[8mha:////4O+hqrq2i8VEtikorDXnwMcy9VgvP4TIF+Lg4CmUytpnAAAAph+LCAAAAAAAAP9tjTEOwjAUQ3+DOrAycohUdEVMrFEXThCaEJJG/7dJSjpxIq7GHWipxIQHy7ZkvdcbyhjgRMFwp7GzGFvLez+aOfFMobt5ytzRlbeEkbzmjc4NKX1ea0NJw6qCwUbAVmPrKVo0CXbCyYesvERTXVKYt6MAZtUATyjETE4ypG+ZAuzvo4qEP85fAEx9AlYfFquXZ/kBAsTc3cIAAAA=[0m[Pipeline] { (code qa)
[8mha:////4KnS7qg7M/0g9lxlQrHEeHi8V2tZDADnYKsUKGfVPA9QAAAAox+LCAAAAAAAAP9tjTESwiAURH/iWNhaeggyE0vHypah8QSYIEKY/wkQSeWJvJp3EM2MlVvs7NvmPV+wjgGOFDSzCgeDsTPMu0mXxTKF4eooM0sX1hFGcooJlQX16rSgoKRgSVXDisNGYecoGtQJttzKu2ycRN2cUyjfgUNt+hEeUPFiTjKkL8wBdrepj4Q/z18BzD5B3baf2vs3w5BRkb4AAAA=[0m[Pipeline] sh
+ mvn pmd:pmd
[[1;34mINFO[m] Scanning for projects...
[[1;33mWARNING[m] 
[[1;33mWARNING[m] Some problems were encountered while building the effective model for com.edurekademo.tutorial:addressbook:war:2.0
[[1;33mWARNING[m] Reporting configuration should be done in <reporting> section, not in maven-site-plugin <configuration> as reportPlugins parameter. @ line 298, column 40
[[1;33mWARNING[m] 
[[1;33mWARNING[m] It is highly recommended to fix these problems because they threaten the stability of your build.
[[1;33mWARNING[m] 
[[1;33mWARNING[m] For this reason, future Maven versions might no longer support building such malformed projects.
[[1;33mWARNING[m] 
[[1;34mINFO[m] 
[[1;34mINFO[m] [1m----------------< [0;36mcom.edurekademo.tutorial:addressbook[0;1m >----------------[m
[[1;34mINFO[m] [1mBuilding Vaadin Addressbook example 2.0[m
[[1;34mINFO[m] [1m--------------------------------[ war ]---------------------------------[m
[[1;34mINFO[m] 
[[1;34mINFO[m] [1m--- [0;32mmaven-pmd-plugin:3.21.2:pmd[m [1m(default-cli)[m @ [36maddressbook[0;1m ---[m
[[1;33mWARNING[m] Unable to locate Source XRef to link to - DISABLED
[[1;34mINFO[m] PMD version: 6.55.0
[[1;34mINFO[m] Rendering content with [1morg.apache.maven.skins:maven-default-skin:jar:1.3 skin[m.
[[1;34mINFO[m] [1m------------------------------------------------------------------------[m
[[1;34mINFO[m] [1;32mBUILD SUCCESS[m
[[1;34mINFO[m] [1m------------------------------------------------------------------------[m
[[1;34mINFO[m] Total time:  6.008 s
[[1;34mINFO[m] Finished at: 2024-03-28T16:55:00Z
[[1;34mINFO[m] [1m------------------------------------------------------------------------[m
[8mha:////4DtDmCaPzpY7EtcSueLNVtomyiMuXhcnKA2nRcgRtJy5AAAApB+LCAAAAAAAAP9tjbEOwiAURV9rHFwd/QiaNG7GyZWw+AXYIkLJexSodPKL/DX/QbSJk3e4uecu5/mCdQxwpKCZVTgYjJ1h3k26LJYpDFdHmVm6sI4wklNMqCyoV6cFBSUFS6oaVhw2CjtH0aBOsOVW3mXjJOrmnEL5Dhxq04/wgIoXc5IhfWEOsLtNfST8ef4KYPYJ6rb91N6/AQQGEN6+AAAA[0m[Pipeline] recordIssues
[PMD] Using default pattern '**/pmd.xml' since user defined pattern is not set
[PMD] Searching for all files in '/var/lib/jenkins/workspace/declarative-pipeline' that match the pattern '**/pmd.xml'
[PMD] Traversing of symbolic links: enabled
[PMD] -> found 1 file
[PMD] Successfully parsed file /var/lib/jenkins/workspace/declarative-pipeline/target/pmd.xml
[PMD] -> found 12 issues (skipped 0 duplicates)
[PMD] Successfully processed file 'target/pmd.xml'
[PMD] Post processing issues on 'Master' with source code encoding 'UTF-8'
[PMD] Creating SCM blamer to obtain author and commit information for affected files
[PMD] -> No blamer installed yet. You need to install the 'git-forensics' plugin to enable blaming for Git.
[PMD] Resolving file names for all issues in workspace '/var/lib/jenkins/workspace/declarative-pipeline'
[PMD] -> resolved paths in source directory (6 found, 0 not found)
[PMD] Resolving module names from module definitions (build.xml, pom.xml, or Manifest.mf files)
[PMD] -> resolved module names for 12 issues
[PMD] Resolving package names (or namespaces) by parsing the affected files
[PMD] -> all affected files already have a valid package name
[PMD] No filter has been set, publishing all 12 issues
[PMD] Creating fingerprints for all affected code blocks to track issues over different builds
[PMD] -> created fingerprints for 12 issues (skipped 0 issues)
[PMD] Copying affected files to Jenkins' build folder '/var/lib/jenkins/jobs/declarative-pipeline/builds/14/files-with-issues'
[PMD] -> 6 copied, 0 not in workspace, 0 not-found, 0 with I/O error
[PMD] Skipping cleaning of source code files in old builds
[PMD] Repository miner is not configured, skipping repository mining
[PMD] Searching for all files in '/var/lib/jenkins/workspace/declarative-pipeline' that match the pattern '**/pmd.xml'
[PMD] Traversing of symbolic links: enabled
[PMD] -> found 1 file
[PMD] Successfully parsed file /var/lib/jenkins/workspace/declarative-pipeline/target/pmd.xml
[PMD] -> found 12 issues (skipped 0 duplicates)
[PMD] Successfully processed file 'target/pmd.xml'
[PMD] Post processing issues on 'Master' with source code encoding 'UTF-8'
[PMD] Creating SCM blamer to obtain author and commit information for affected files
[PMD] -> No blamer installed yet. You need to install the 'git-forensics' plugin to enable blaming for Git.
[PMD] Resolving file names for all issues in workspace '/var/lib/jenkins/workspace/declarative-pipeline'
[PMD] -> resolved paths in source directory (6 found, 0 not found)
[PMD] Resolving module names from module definitions (build.xml, pom.xml, or Manifest.mf files)
[PMD] -> resolved module names for 12 issues
[PMD] Resolving package names (or namespaces) by parsing the affected files
[PMD] -> all affected files already have a valid package name
[PMD] No filter has been set, publishing all 12 issues
[PMD] Creating fingerprints for all affected code blocks to track issues over different builds
[PMD] -> created fingerprints for 12 issues (skipped 0 issues)
[PMD] Searching for all files in '/var/lib/jenkins/workspace/declarative-pipeline' that match the pattern '**/pmd.xml'
[PMD] Traversing of symbolic links: enabled
[PMD] -> found 1 file
[PMD] Successfully parsed file /var/lib/jenkins/workspace/declarative-pipeline/target/pmd.xml
[PMD] -> found 12 issues (skipped 0 duplicates)
[PMD] Successfully processed file 'target/pmd.xml'
[PMD] Post processing issues on 'Master' with source code encoding 'UTF-8'
[PMD] Creating SCM blamer to obtain author and commit information for affected files
[PMD] -> No blamer installed yet. You need to install the 'git-forensics' plugin to enable blaming for Git.
[PMD] Resolving file names for all issues in workspace '/var/lib/jenkins/workspace/declarative-pipeline'
[PMD] -> resolved paths in source directory (6 found, 0 not found)
[PMD] Resolving module names from module definitions (build.xml, pom.xml, or Manifest.mf files)
[PMD] -> resolved module names for 12 issues
[PMD] Resolving package names (or namespaces) by parsing the affected files
[PMD] -> all affected files already have a valid package name
[PMD] No filter has been set, publishing all 12 issues
[PMD] Creating fingerprints for all affected code blocks to track issues over different builds
[PMD] -> created fingerprints for 12 issues (skipped 0 issues)
[PMD] Copying affected files to Jenkins' build folder '/var/lib/jenkins/jobs/declarative-pipeline/builds/14/files-with-issues'
[PMD] -> 6 copied, 0 not in workspace, 0 not-found, 0 with I/O error
[PMD] Skipping cleaning of source code files in old builds
[PMD] Repository miner is not configured, skipping repository mining
[PMD] Reference build recorder is not configured
[PMD] No valid reference build found
[PMD] All reported issues will be considered outstanding
[PMD] No quality gates have been set - skipping
[PMD] Health report is disabled - skipping
[PMD] Created analysis result for 12 issues (found 0 new issues, fixed 0 issues)
[PMD] Attaching ResultAction with ID 'pmd' to build 'declarative-pipeline #14'.
[Checks API] No suitable checks publisher found.
[8mha:////4Jm3sdcdJdgNCZOtIoU8XQd+w3kBUCAuYWSZzjJten0hAAAApB+LCAAAAAAAAP9tjbEOwiAURV9rHFwd/QiaNHEyTq6ExS/AFhFK3qNApZNf5K/5D6JNnLzDzT13Oc8XrGOAIwXNrMLBYOwM827SZbFMYbg6yszShXWEkZxiQmVBvTotKCgpWFLVsOKwUdg5igZ1gi238i4bJ1E35xTKd+BQm36EB1S8mJMM6QtzgN1t6iPhz/NXALP3Cep2/6n2DXge7LK+AAAA[0m[Pipeline] }
[8mha:////4AA+6EL3QbAmyPuCYAwN21JyPpNzp2EhZvsitzXoqGURAAAApB+LCAAAAAAAAP9tjTEOwjAQBC9BFLSUPOIiKGgQVVrLDS8wsTFOrDtjOyQVL+Jr/IFAJCq2WO1sM88XLFOEI0eLraHOUWocBt/baeHAsbt4HrDlMzZMib1BaQbJ2tQzSs4G5hQlLASsDDWekyObYS1adVeVV2SrU47TdxBQOn2DBxRiMmcV8xfGCJtrrxPTz/NXAGMIGcrd/lPbN2w9ca2+AAAA[0m[Pipeline] // stage
[8mha:////4NU5IllPwrfSRljnAQJP2DyvdxMe4G+61ClSYrG6m/PCAAAApx+LCAAAAAAAAP9tjTEOwjAQBM9BKWgpeYQjISQKREVrueEFJjbGiXUX7AtJxYv4Gn8gEImKrXZWWs3zBWVOcKDkZeOwDZjrILvY+6nJgVJ7iTTIhs6yJswUndRu0GTdcUZN7GCOKGChYOmwjpQDeoaVaszdVNGgr06cpm2voAj2Bg8QajKzSfyFMcH62ttM+PP8FcDYMYgtQ7HZfY7lG5POx33BAAAA[0m[Pipeline] stage
[8mha:////4K0OYUW+8b4A/1cVVdM9nrVM5jDA/SaDuaXxca7Mby+hAAAAqB+LCAAAAAAAAP9tjTEOwjAUQ3+LOrAycohUYgEJMXWNsnCC0ISQNvq//KS0EyfiatyBlkpMeLBsS9Z7vaGIDCdiJxqLrcdYe9GF3k1JDMTtNdAgGrqImjBSsELZQZGx1VIVJQuLshxWEtYW60DRo0uwkY1+6DJodOU58bQdJeTe3OEJmZzISXP6lpFhe+tNJPxx/gJg7BLku/1sh/lZfAAnLfKUwgAAAA==[0m[Pipeline] { (code package)
[8mha:////4MsSW5DpJ+0/wQq9KXlqWqY38XBuABI0LWFXUezo0O3LAAAApB+LCAAAAAAAAP9tjTEOwjAQBC9BFLSUPOIiUYEQVVrLDS8wsTFOrDtjOyQVL+Jr/IFAJCq2WO1sM88XLFOEI0eLraHOUWocBt/baeHAsbt4HrDlMzZMib1BaQbJ2tQzSs4G5hQlLASsDDWekyObYS1adVeVV2SrU47TdxBQOn2DBxRiMmcV8xfGCJtrrxPTz/NXAGPIUG53n9qHNwcnzs++AAAA[0m[Pipeline] sh
+ mvn package
[[1;34mINFO[m] Scanning for projects...
[[1;33mWARNING[m] 
[[1;33mWARNING[m] Some problems were encountered while building the effective model for com.edurekademo.tutorial:addressbook:war:2.0
[[1;33mWARNING[m] Reporting configuration should be done in <reporting> section, not in maven-site-plugin <configuration> as reportPlugins parameter. @ line 298, column 40
[[1;33mWARNING[m] 
[[1;33mWARNING[m] It is highly recommended to fix these problems because they threaten the stability of your build.
[[1;33mWARNING[m] 
[[1;33mWARNING[m] For this reason, future Maven versions might no longer support building such malformed projects.
[[1;33mWARNING[m] 
[[1;34mINFO[m] 
[[1;34mINFO[m] [1m----------------< [0;36mcom.edurekademo.tutorial:addressbook[0;1m >----------------[m
[[1;34mINFO[m] [1mBuilding Vaadin Addressbook example 2.0[m
[[1;34mINFO[m] [1m--------------------------------[ war ]---------------------------------[m
[[1;34mINFO[m] 
[[1;34mINFO[m] [1m--- [0;32mmaven-enforcer-plugin:1.0:enforce[m [1m(enforce-versions)[m @ [36maddressbook[0;1m ---[m
[[1;34mINFO[m] 
[[1;34mINFO[m] [1m--- [0;32mmaven-resources-plugin:2.6:resources[m [1m(default-resources)[m @ [36maddressbook[0;1m ---[m
[[1;34mINFO[m] Using 'UTF-8' encoding to copy filtered resources.
[[1;34mINFO[m] skip non existing resourceDirectory /var/lib/jenkins/workspace/declarative-pipeline/src/main/resources
[[1;34mINFO[m] 
[[1;34mINFO[m] [1m--- [0;32mmaven-compiler-plugin:3.2:compile[m [1m(default-compile)[m @ [36maddressbook[0;1m ---[m
[[1;34mINFO[m] Nothing to compile - all classes are up to date
[[1;34mINFO[m] 
[[1;34mINFO[m] [1m--- [0;32mmaven-resources-plugin:2.6:testResources[m [1m(default-testResources)[m @ [36maddressbook[0;1m ---[m
[[1;34mINFO[m] Using 'UTF-8' encoding to copy filtered resources.
[[1;34mINFO[m] Copying 1 resource
[[1;34mINFO[m] 
[[1;34mINFO[m] [1m--- [0;32mmaven-compiler-plugin:3.2:testCompile[m [1m(default-testCompile)[m @ [36maddressbook[0;1m ---[m
[[1;34mINFO[m] Nothing to compile - all classes are up to date
[[1;34mINFO[m] 
[[1;34mINFO[m] [1m--- [0;32mmaven-surefire-plugin:2.19.1:test[m [1m(default-test)[m @ [36maddressbook[0;1m ---[m

-------------------------------------------------------
 T E S T S
-------------------------------------------------------
Running com.edurekademo.utilities.TestHexAsciiConversion
74657374696e6720617363696920636f6e76657274696f6e20696e746f2068657861646563696d616c
testing ascii convertion into hexadecimal
Tests run: 4, Failures: 0, Errors: 0, Skipped: 0, Time elapsed: 0.014 sec - in com.edurekademo.utilities.TestHexAsciiConversion
Running com.edurekademo.utilities.TestLogger
SLF4J: Class path contains multiple SLF4J bindings.
SLF4J: Found binding in [jar:file:/var/lib/jenkins/.m2/repository/org/slf4j/slf4j-simple/1.7.7/slf4j-simple-1.7.7.jar!/org/slf4j/impl/StaticLoggerBinder.class]
SLF4J: Found binding in [jar:file:/var/lib/jenkins/.m2/repository/org/slf4j/slf4j-log4j12/1.7.7/slf4j-log4j12-1.7.7.jar!/org/slf4j/impl/StaticLoggerBinder.class]
SLF4J: See http://www.slf4j.org/codes.html#multiple_bindings for an explanation.
SLF4J: Actual binding is of type [org.slf4j.impl.SimpleLoggerFactory]
[pool-1-thread-5] INFO com.edurekademo.utilities.TestLogger - java.lang.ArithmeticException: / by zero
Cause:at com.edurekademo.utilities.TestLogger.testGetErrorMessage2(TestLogger.java:30)
Cause:at java.base/jdk.internal.reflect.NativeMethodAccessorImpl.invoke0(Native Method)
[pool-1-thread-6] INFO com.edurekademo.utilities.TestLogger - java.lang.ArithmeticException: / by zero
Cause:at com.edurekademo.utilities.TestLogger.testGetErrorMessage1(TestLogger.java:14)
Cause:at java.base/jdk.internal.reflect.NativeMethodAccessorImpl.invoke0(Native Method)
[pool-1-thread-7] INFO com.edurekademo.utilities.TestLogger - java.lang.ArithmeticException: / by zero
Cause:at com.edurekademo.utilities.ExceptionThrower.getCounter(ExceptionThrower.java:13)
Cause:at com.edurekademo.utilities.TestLogger.testGetErrorMessage3(TestLogger.java:45)
[pool-1-thread-9] ERROR com.edurekademo.utilities.ExceptionThrower - java.lang.Exception: DEAR
Cause:at com.edurekademo.utilities.ExceptionThrower.doYYY(ExceptionThrower.java:35)
Cause:at com.edurekademo.utilities.ExceptionThrower.doXXX(ExceptionThrower.java:23)
[pool-1-thread-9] INFO com.edurekademo.utilities.TestLogger - java.lang.Exception: TEST MESSAGE
Cause:at com.edurekademo.utilities.ExceptionThrower.doCheck(ExceptionThrower.java:43)
Cause:at com.edurekademo.utilities.TestLogger.testGetErrorMessage5(TestLogger.java:75)
***** java.lang.Exception: TEST MESSAGE
Cause:at com.edurekademo.utilities.ExceptionThrower.doCheck(ExceptionThrower.java:43)
Cause:at com.edurekademo.utilities.TestLogger.testGetErrorMessage5(TestLogger.java:75)
[pool-1-thread-8] INFO com.edurekademo.utilities.TestLogger - java.io.IOException: TESTIOEXCEPTION
Cause:at com.edurekademo.utilities.ExceptionThrower.doNothing(ExceptionThrower.java:18)
Cause:at com.edurekademo.utilities.TestLogger.testGetErrorMessage4(TestLogger.java:60)
Tests run: 5, Failures: 0, Errors: 0, Skipped: 0, Time elapsed: 0.129 sec - in com.edurekademo.utilities.TestLogger
Running com.edurekademo.utilities.TestGenericComparator
Tests run: 14, Failures: 0, Errors: 0, Skipped: 0, Time elapsed: 0.058 sec - in com.edurekademo.utilities.TestGenericComparator

Results :

Tests run: 23, Failures: 0, Errors: 0, Skipped: 0

[[1;34mINFO[m] 
[[1;34mINFO[m] [1m--- [0;32mmaven-war-plugin:2.2:war[m [1m(default-war)[m @ [36maddressbook[0;1m ---[m
WARNING: An illegal reflective access operation has occurred
WARNING: Illegal reflective access by com.thoughtworks.xstream.core.util.Fields (file:/var/lib/jenkins/.m2/repository/com/thoughtworks/xstream/xstream/1.3.1/xstream-1.3.1.jar) to field java.util.Properties.defaults
WARNING: Please consider reporting this to the maintainers of com.thoughtworks.xstream.core.util.Fields
WARNING: Use --illegal-access=warn to enable warnings of further illegal reflective access operations
WARNING: All illegal access operations will be denied in a future release
[[1;34mINFO[m] Packaging webapp
[[1;34mINFO[m] Assembling webapp [addressbook] in [/var/lib/jenkins/workspace/declarative-pipeline/target/addressbook]
[[1;34mINFO[m] Processing war project
[[1;34mINFO[m] Webapp assembled in [148 msecs]
[[1;34mINFO[m] Building war: /var/lib/jenkins/workspace/declarative-pipeline/target/addressbook.war
[[1;34mINFO[m] [1m------------------------------------------------------------------------[m
[[1;34mINFO[m] [1;32mBUILD SUCCESS[m
[[1;34mINFO[m] [1m------------------------------------------------------------------------[m
[[1;34mINFO[m] Total time:  4.458 s
[[1;34mINFO[m] Finished at: 2024-03-28T16:55:07Z
[[1;34mINFO[m] [1m------------------------------------------------------------------------[m
[8mha:////4DfvHi4mCkzEO3+ohfstM7w0DvJggWsY6YX/ZTfsSbO3AAAApR+LCAAAAAAAAP9tjTEOwjAQBC9BFLSUPOKCoEFCqWgtN7zAJMY4se6C7eBUvIiv8QcsIlGxxWpnm3m9YRk81OwNdpp6S6GxOLjR5IWJfX91nLDjCzZMgZ1GqZPkVp9mlBw1zClKWAhYaWocB0smwlp06qEqp8hU5+jzdxRQ2vYOTyhENkfl4xcmD5vb2Aamn+evAKZhiFDut7l2hw9hbYOkvgAAAA==[0m[Pipeline] }
[8mha:////4OkH58RrRVT6H9qR12BnSbJTVOYug4HvW+QQEN5hD0YzAAAApR+LCAAAAAAAAP9tjTEOwjAQBC9BFLSUPOIioKBAqWgtN7zAJMY4se6C7eBUvIiv8QcsIlGxxWpnm3m9YRk81OwNdpp6S6GxOLjR5IWJfX91nLDjCzZMgZ1GqZPkVp9mlBw1zClKWAhYaWocB0smwlp06qEqp8hU5+jzdxRQ2vYOTyhENkfl4xcmD5vb2Aamn+evAKZhiFDut7l2hw9Vo2D/vgAAAA==[0m[Pipeline] // stage
[8mha:////4AdhW+disiCu8iwH7cfmCkWjc8OYEm2F9/ssOm3B6wlFAAAAox+LCAAAAAAAAP9tjTEOwjAQBDdBFLSUPMKRgA5R0VppeIFJjHFi3QX7QlLxIr7GH4iIRMVWO9PM641lijhydKqx1HpKlVdd6N301MCxvQYeVMMXVTElDlaVdii5tqcZSxaLeVmOhcbKUhU4eXKCtW7MwxTBkCvOEid30Mh9fccTmZ7KYqJ8YYzY3Po6Mf06fwMYu06Q77aCbP8B7tlN5b0AAAA=[0m[Pipeline] }
[8mha:////4IDe03OIysANeDz4C0nZTe9eAxHk5H6Mhbrsjbw6NF/YAAAAoh+LCAAAAAAAAP9tjTESgjAQRT84FraWHiIUlI6VbYbGE0SIMZDZhWQRKk/k1byDjMxY+av/XvNeb2xTxImjU62lzlOqverD6JanJo7dLfCkWr6qmilxsKqyU8WNPa9YsVisy3JsNHaW6sDJkxPsdWsepgiGXHGRuLijRu6bAU9keimLifKFOeJwH5vE9Ov8DWDue0FeloKs/AD9ZUlGvQAAAA==[0m[Pipeline] // node
[8mha:////4HOro1nLhCcCFkmE+u/C9TvI71rHX04t1pex7452uB3rAAAAox+LCAAAAAAAAP9tjTEOwjAQBDdBFLSUPMKRgA5R0VppeIFJjHFi3QX7QlLxIr7GH4iIRMVWO9PM641lijhydKqx1HpKlVdd6N301MCxvQYeVMMXVTElDlaVdii5tqcZSxaLeVmOhcbKUhU4eXKCtW7MwxTBkCvOEid30Mh9fccTmZ7KYqJ8YYzY3Po6Mf06fwMYu06Q7/aCbPsBe4lug70AAAA=[0m[Pipeline] End of Pipeline
Finished: SUCCESS
